  Compiling CUDA source file kernel.cu...
  
  C:\Users\Jozef\source\repos\RSA64_for_GPU\RSA64_for_GPU>"C:\Program Files\NVIDIA GPU Computing Toolkit\CUDA\v9.0\bin\nvcc.exe" -gencode=arch=compute_30,code=\"sm_30,compute_30\" --use-local-env --cl-version 2017 -ccbin "C:\Program Files (x86)\Microsoft Visual Studio\2017\Enterprise\VC\Tools\MSVC\14.11.25503\bin\HostX86\x64" -x cu  -I"C:\Program Files\NVIDIA GPU Computing Toolkit\CUDA\v9.0\include" -I"C:\Program Files\NVIDIA GPU Computing Toolkit\CUDA\v9.0\include"  -G   --keep-dir x64\Debug -maxrregcount=0  --machine 64 --compile -cudart static  -g   -DWIN32 -DWIN64 -D_DEBUG -D_CONSOLE -D_MBCS -Xcompiler "/EHsc /W3 /nologo /Od /FS /Zi /RTC1 /MDd " -o x64\Debug\kernel.cu.obj "C:\Users\Jozef\source\repos\RSA64_for_GPU\RSA64_for_GPU\kernel.cu" 
C:/Users/Jozef/source/repos/RSA64_for_GPU/RSA64_for_GPU/kernel.cu(103): warning : pointless comparison of unsigned integer with zero
C:/Users/Jozef/source/repos/RSA64_for_GPU/RSA64_for_GPU/kernel.cu(103): warning : pointless comparison of unsigned integer with zero
C:/Users/Jozef/source/repos/RSA64_for_GPU/RSA64_for_GPU/kernel.cu(119): warning : missing return statement at end of non-void function "rsa_modExp"
C:/Users/Jozef/source/repos/RSA64_for_GPU/RSA64_for_GPU/kernel.cu(169): warning : pointless comparison of unsigned integer with zero
C:/Users/Jozef/source/repos/RSA64_for_GPU/RSA64_for_GPU/kernel.cu(103): warning : pointless comparison of unsigned integer with zero
C:/Users/Jozef/source/repos/RSA64_for_GPU/RSA64_for_GPU/kernel.cu(103): warning : pointless comparison of unsigned integer with zero
C:/Users/Jozef/source/repos/RSA64_for_GPU/RSA64_for_GPU/kernel.cu(119): warning : missing return statement at end of non-void function "rsa_modExp"
C:/Users/Jozef/source/repos/RSA64_for_GPU/RSA64_for_GPU/kernel.cu(169): warning : pointless comparison of unsigned integer with zero
  kernel.cu
C:/Users/Jozef/source/repos/RSA64_for_GPU/RSA64_for_GPU/kernel.cu(42): warning C4244: '=': conversion from 'unsigned __int64' to 'char', possible loss of data
C:/Users/Jozef/source/repos/RSA64_for_GPU/RSA64_for_GPU/kernel.cu(131): warning C4244: 'argument': conversion from 'time_t' to 'unsigned int', possible loss of data
C:/Users/Jozef/source/repos/RSA64_for_GPU/RSA64_for_GPU/kernel.cu(215): warning C4244: '=': conversion from 'unsigned __int64' to 'char', possible loss of data
c:\users\jozef\source\repos\rsa64_for_gpu\rsa64_for_gpu\kernel.cu(119): warning C4715: 'rsa_modExp': not all control paths return a value
  RSA64_for_GPU.vcxproj -> C:\Users\Jozef\source\repos\RSA64_for_GPU\x64\Debug\RSA64_for_GPU.exe
  copy "C:\Program Files\NVIDIA GPU Computing Toolkit\CUDA\v9.0\bin\cudart*.dll" "C:\Users\Jozef\source\repos\RSA64_for_GPU\x64\Debug\"
  C:\Program Files\NVIDIA GPU Computing Toolkit\CUDA\v9.0\bin\cudart32_90.dll
  C:\Program Files\NVIDIA GPU Computing Toolkit\CUDA\v9.0\bin\cudart64_90.dll
          2 file(s) copied.
